Arguments: 
  /usr/bin/node /usr/share/yarn/bin/yarn.js start

PATH: 
  /home/victor/.rbenv/plugins/ruby-build/bin:/home/victor/.rbenv/shims:/home/victor/.rbenv/bin:/home/victor/bin:/home/victor/.local/bin:/usr/local/sbin:/usr/local/bin:/usr/sbin:/usr/bin:/sbin:/bin:/usr/games:/usr/local/games:/snap/bin:/home/victor/.rvm/bin:/home/victor/.rvm/bin

Yarn version: 
  1.5.1

Node version: 
  8.10.0

Platform: 
  linux x64

npm manifest: 
  {
    "name": "victor_test",
    "private": true,
    "dependencies": {},
    "version": "1.0.0",
    "main": "index.js",
    "author": "LilliamA <lilliam.arce31@gmail.com>",
    "license": "MIT"
  }

yarn manifest: 
  No manifest

Lockfile: 
  No lockfile

Trace: 
  Error: Command "start" not found.
      at new MessageError (/usr/share/yarn/lib/cli.js:186:110)
      at /usr/share/yarn/lib/cli.js:87307:17
      at Generator.next (<anonymous>)
      at step (/usr/share/yarn/lib/cli.js:98:30)
      at /usr/share/yarn/lib/cli.js:116:14
      at new Promise (<anonymous>)
      at new F (/usr/share/yarn/lib/cli.js:23451:28)
      at /usr/share/yarn/lib/cli.js:95:12
      at runCommand (/usr/share/yarn/lib/cli.js:87312:22)
      at Object.<anonymous> (/usr/share/yarn/lib/cli.js:87412:14)
