  [1m[35m (0.1ms)[0m  [1m[34mSELECT sqlite_version(*)[0m
  [1m[35m (1.3ms)[0m  [1m[35mCREATE TABLE "schema_migrations" ("version" varchar NOT NULL PRIMARY KEY)[0m
  [1m[35m (1.1ms)[0m  [1m[35mCREATE TABLE "ar_internal_metadata" ("key" varchar NOT NULL PRIMARY KEY, "value" varchar, "created_at" datetime NOT NULL, "updated_at" datetime NOT NULL)[0m
  [1m[36mActiveRecord::InternalMetadata Load (0.1ms)[0m  [1m[34mSELECT  "ar_internal_metadata".* FROM "ar_internal_metadata" WHERE "ar_internal_metadata"."key" = ? LIMIT ?[0m  [["key", "environment"], ["LIMIT", 1]]
  [1m[35m (0.0ms)[0m  [1m[36mbegin transaction[0m
  [1m[35mSQL (0.3ms)[0m  [1m[32mINSERT INTO "ar_internal_metadata" ("key", "value", "created_at", "updated_at") VALUES (?, ?, ?, ?)[0m  [["key", "environment"], ["value", "development"], ["created_at", "2018-03-08 16:25:29.027382"], ["updated_at", "2018-03-08 16:25:29.027382"]]
  [1m[35m (0.8ms)[0m  [1m[36mcommit transaction[0m
  [1m[35m (0.1ms)[0m  [1m[34mSELECT "schema_migrations"."version" FROM "schema_migrations" ORDER BY "schema_migrations"."version" ASC[0m
  [1m[35m (0.2ms)[0m  [1m[34mSELECT "schema_migrations"."version" FROM "schema_migrations" ORDER BY "schema_migrations"."version" ASC[0m
Migrating to CreateProjects (20180308162627)
  [1m[35m (0.1ms)[0m  [1m[36mbegin transaction[0m
  [1m[35m (0.1ms)[0m  [1m[34mSELECT sqlite_version(*)[0m
  [1m[35m (0.6ms)[0m  [1m[35mCREATE TABLE "projects" ("id" INTEGER PRIMARY KEY AUTOINCREMENT NOT NULL, "tittle" varchar, "created_at" datetime NOT NULL, "updated_at" datetime NOT NULL)[0m
  [1m[35mSQL (0.1ms)[0m  [1m[32mINSERT INTO "schema_migrations" ("version") VALUES (?)[0m  [["version", "20180308162627"]]
  [1m[35m (1.3ms)[0m  [1m[36mcommit transaction[0m
  [1m[36mActiveRecord::InternalMetadata Load (0.1ms)[0m  [1m[34mSELECT  "ar_internal_metadata".* FROM "ar_internal_metadata" WHERE "ar_internal_metadata"."key" = ? LIMIT ?[0m  [["key", "environment"], ["LIMIT", 1]]
  [1m[35m (0.1ms)[0m  [1m[36mbegin transaction[0m
  [1m[35m (0.0ms)[0m  [1m[36mcommit transaction[0m
  [1m[35m (0.1ms)[0m  [1m[34mSELECT "schema_migrations"."version" FROM "schema_migrations" ORDER BY "schema_migrations"."version" ASC[0m
Started GET "/" for 127.0.0.1 at 2018-03-08 10:33:34 -0600
  [1m[35m (0.2ms)[0m  [1m[34mSELECT "schema_migrations"."version" FROM "schema_migrations" ORDER BY "schema_migrations"."version" ASC[0m
  
AbstractController::ActionNotFound (The action 'home' could not be found for PagesController):
  
actionpack (5.1.5) lib/abstract_controller/base.rb:119:in `process'
actionview (5.1.5) lib/action_view/rendering.rb:30:in `process'
actionpack (5.1.5) lib/action_controller/metal.rb:189:in `dispatch'
actionpack (5.1.5) lib/action_controller/metal.rb:253:in `dispatch'
actionpack (5.1.5) lib/action_dispatch/routing/route_set.rb:49:in `dispatch'
actionpack (5.1.5) lib/action_dispatch/routing/route_set.rb:31:in `serve'
actionpack (5.1.5) lib/action_dispatch/journey/router.rb:50:in `block in serve'
actionpack (5.1.5) lib/action_dispatch/journey/router.rb:33:in `each'
actionpack (5.1.5) lib/action_dispatch/journey/router.rb:33:in `serve'
actionpack (5.1.5) lib/action_dispatch/routing/route_set.rb:844:in `call'
rack (2.0.4) lib/rack/etag.rb:25:in `call'
rack (2.0.4) lib/rack/conditional_get.rb:25:in `call'
rack (2.0.4) lib/rack/head.rb:12:in `call'
rack (2.0.4) lib/rack/session/abstract/id.rb:232:in `context'
rack (2.0.4) lib/rack/session/abstract/id.rb:226:in `call'
actionpack (5.1.5) lib/action_dispatch/middleware/cookies.rb:613:in `call'
activerecord (5.1.5) lib/active_record/migration.rb:556:in `call'
actionpack (5.1.5) lib/action_dispatch/middleware/callbacks.rb:26:in `block in call'
activesupport (5.1.5) lib/active_support/callbacks.rb:97:in `run_callbacks'
actionpack (5.1.5) lib/action_dispatch/middleware/callbacks.rb:24:in `call'
actionpack (5.1.5) lib/action_dispatch/middleware/executor.rb:12:in `call'
actionpack (5.1.5) lib/action_dispatch/middleware/debug_exceptions.rb:59:in `call'
web-console (3.5.1) lib/web_console/middleware.rb:135:in `call_app'
web-console (3.5.1) lib/web_console/middleware.rb:28:in `block in call'
web-console (3.5.1) lib/web_console/middleware.rb:18:in `catch'
web-console (3.5.1) lib/web_console/middleware.rb:18:in `call'
actionpack (5.1.5) lib/action_dispatch/middleware/show_exceptions.rb:31:in `call'
railties (5.1.5) lib/rails/rack/logger.rb:36:in `call_app'
railties (5.1.5) lib/rails/rack/logger.rb:24:in `block in call'
activesupport (5.1.5) lib/active_support/tagged_logging.rb:69:in `block in tagged'
activesupport (5.1.5) lib/active_support/tagged_logging.rb:26:in `tagged'
activesupport (5.1.5) lib/active_support/tagged_logging.rb:69:in `tagged'
railties (5.1.5) lib/rails/rack/logger.rb:24:in `call'
sprockets-rails (3.2.1) lib/sprockets/rails/quiet_assets.rb:13:in `call'
actionpack (5.1.5) lib/action_dispatch/middleware/remote_ip.rb:79:in `call'
actionpack (5.1.5) lib/action_dispatch/middleware/request_id.rb:25:in `call'
rack (2.0.4) lib/rack/method_override.rb:22:in `call'
rack (2.0.4) lib/rack/runtime.rb:22:in `call'
activesupport (5.1.5) lib/active_support/cache/strategy/local_cache_middleware.rb:27:in `call'
actionpack (5.1.5) lib/action_dispatch/middleware/executor.rb:12:in `call'
actionpack (5.1.5) lib/action_dispatch/middleware/static.rb:125:in `call'
rack (2.0.4) lib/rack/sendfile.rb:111:in `call'
railties (5.1.5) lib/rails/engine.rb:522:in `call'
puma (3.11.3) lib/puma/configuration.rb:225:in `call'
puma (3.11.3) lib/puma/server.rb:624:in `handle_request'
puma (3.11.3) lib/puma/server.rb:438:in `process_client'
puma (3.11.3) lib/puma/server.rb:302:in `block in run'
puma (3.11.3) lib/puma/thread_pool.rb:120:in `block in spawn_thread'
Started GET "/" for 127.0.0.1 at 2018-03-08 10:33:58 -0600
  
NameError (uninitialized constant ApplicationControlle):
  
app/controllers/pages_controller.rb:1:in `<top (required)>'
config/routes.rb:6:in `block in <top (required)>'
config/routes.rb:1:in `<top (required)>'
Started GET "/" for 127.0.0.1 at 2018-03-08 10:35:24 -0600
Processing by PagesController#home as HTML
Completed 406 Not Acceptable in 80ms


  
ActionController::UnknownFormat (PagesController#home is missing a template for this request format and variant.

request.formats: ["text/html"]
request.variant: []

NOTE! For XHR/Ajax or API requests, this action would normally respond with 204 No Content: an empty white screen. Since you're loading it in a web browser, we assume that you expected to actually render a template, not nothing, so we're showing an error to be extra-clear. If you expect 204 No Content, carry on. That's what you'll get from an XHR or API request. Give it a shot.):
  
actionpack (5.1.5) lib/action_controller/metal/implicit_render.rb:53:in `default_render'
actionpack (5.1.5) lib/action_controller/metal/basic_implicit_render.rb:4:in `block in send_action'
actionpack (5.1.5) lib/action_controller/metal/basic_implicit_render.rb:4:in `tap'
actionpack (5.1.5) lib/action_controller/metal/basic_implicit_render.rb:4:in `send_action'
actionpack (5.1.5) lib/abstract_controller/base.rb:186:in `process_action'
actionpack (5.1.5) lib/action_controller/metal/rendering.rb:30:in `process_action'
actionpack (5.1.5) lib/abstract_controller/callbacks.rb:20:in `block in process_action'
activesupport (5.1.5) lib/active_support/callbacks.rb:131:in `run_callbacks'
actionpack (5.1.5) lib/abstract_controller/callbacks.rb:19:in `process_action'
actionpack (5.1.5) lib/action_controller/metal/rescue.rb:20:in `process_action'
actionpack (5.1.5) lib/action_controller/metal/instrumentation.rb:32:in `block in process_action'
activesupport (5.1.5) lib/active_support/notifications.rb:166:in `block in instrument'
activesupport (5.1.5) lib/active_support/notifications/instrumenter.rb:21:in `instrument'
activesupport (5.1.5) lib/active_support/notifications.rb:166:in `instrument'
actionpack (5.1.5) lib/action_controller/metal/instrumentation.rb:30:in `process_action'
actionpack (5.1.5) lib/action_controller/metal/params_wrapper.rb:252:in `process_action'
activerecord (5.1.5) lib/active_record/railties/controller_runtime.rb:22:in `process_action'
actionpack (5.1.5) lib/abstract_controller/base.rb:124:in `process'
actionview (5.1.5) lib/action_view/rendering.rb:30:in `process'
actionpack (5.1.5) lib/action_controller/metal.rb:189:in `dispatch'
actionpack (5.1.5) lib/action_controller/metal.rb:253:in `dispatch'
actionpack (5.1.5) lib/action_dispatch/routing/route_set.rb:49:in `dispatch'
actionpack (5.1.5) lib/action_dispatch/routing/route_set.rb:31:in `serve'
actionpack (5.1.5) lib/action_dispatch/journey/router.rb:50:in `block in serve'
actionpack (5.1.5) lib/action_dispatch/journey/router.rb:33:in `each'
actionpack (5.1.5) lib/action_dispatch/journey/router.rb:33:in `serve'
actionpack (5.1.5) lib/action_dispatch/routing/route_set.rb:844:in `call'
rack (2.0.4) lib/rack/etag.rb:25:in `call'
rack (2.0.4) lib/rack/conditional_get.rb:25:in `call'
rack (2.0.4) lib/rack/head.rb:12:in `call'
rack (2.0.4) lib/rack/session/abstract/id.rb:232:in `context'
rack (2.0.4) lib/rack/session/abstract/id.rb:226:in `call'
actionpack (5.1.5) lib/action_dispatch/middleware/cookies.rb:613:in `call'
activerecord (5.1.5) lib/active_record/migration.rb:556:in `call'
actionpack (5.1.5) lib/action_dispatch/middleware/callbacks.rb:26:in `block in call'
activesupport (5.1.5) lib/active_support/callbacks.rb:97:in `run_callbacks'
actionpack (5.1.5) lib/action_dispatch/middleware/callbacks.rb:24:in `call'
actionpack (5.1.5) lib/action_dispatch/middleware/executor.rb:12:in `call'
actionpack (5.1.5) lib/action_dispatch/middleware/debug_exceptions.rb:59:in `call'
web-console (3.5.1) lib/web_console/middleware.rb:135:in `call_app'
web-console (3.5.1) lib/web_console/middleware.rb:28:in `block in call'
web-console (3.5.1) lib/web_console/middleware.rb:18:in `catch'
web-console (3.5.1) lib/web_console/middleware.rb:18:in `call'
actionpack (5.1.5) lib/action_dispatch/middleware/show_exceptions.rb:31:in `call'
railties (5.1.5) lib/rails/rack/logger.rb:36:in `call_app'
railties (5.1.5) lib/rails/rack/logger.rb:24:in `block in call'
activesupport (5.1.5) lib/active_support/tagged_logging.rb:69:in `block in tagged'
activesupport (5.1.5) lib/active_support/tagged_logging.rb:26:in `tagged'
activesupport (5.1.5) lib/active_support/tagged_logging.rb:69:in `tagged'
railties (5.1.5) lib/rails/rack/logger.rb:24:in `call'
sprockets-rails (3.2.1) lib/sprockets/rails/quiet_assets.rb:13:in `call'
actionpack (5.1.5) lib/action_dispatch/middleware/remote_ip.rb:79:in `call'
actionpack (5.1.5) lib/action_dispatch/middleware/request_id.rb:25:in `call'
rack (2.0.4) lib/rack/method_override.rb:22:in `call'
rack (2.0.4) lib/rack/runtime.rb:22:in `call'
activesupport (5.1.5) lib/active_support/cache/strategy/local_cache_middleware.rb:27:in `call'
actionpack (5.1.5) lib/action_dispatch/middleware/executor.rb:12:in `call'
actionpack (5.1.5) lib/action_dispatch/middleware/static.rb:125:in `call'
rack (2.0.4) lib/rack/sendfile.rb:111:in `call'
railties (5.1.5) lib/rails/engine.rb:522:in `call'
puma (3.11.3) lib/puma/configuration.rb:225:in `call'
puma (3.11.3) lib/puma/server.rb:624:in `handle_request'
puma (3.11.3) lib/puma/server.rb:438:in `process_client'
puma (3.11.3) lib/puma/server.rb:302:in `block in run'
puma (3.11.3) lib/puma/thread_pool.rb:120:in `block in spawn_thread'
Started GET "/" for 127.0.0.1 at 2018-03-08 10:35:39 -0600
Processing by PagesController#home as HTML
  Rendering pages/home.html.erb within layouts/application
  Rendered pages/home.html.erb within layouts/application (0.5ms)
Completed 200 OK in 631ms (Views: 629.2ms)


Started GET "/projects" for 127.0.0.1 at 2018-03-08 10:35:41 -0600
Processing by ProjectsController#index as HTML
  Rendering projects/index.html.erb within layouts/application
  Rendered projects/index.html.erb within layouts/application (0.4ms)
Completed 200 OK in 23ms (Views: 17.4ms)


  [1m[35m (0.1ms)[0m  [1m[34mSELECT "schema_migrations"."version" FROM "schema_migrations" ORDER BY "schema_migrations"."version" ASC[0m
  [1m[36mActiveRecord::InternalMetadata Load (0.3ms)[0m  [1m[34mSELECT  "ar_internal_metadata".* FROM "ar_internal_metadata" WHERE "ar_internal_metadata"."key" = ? LIMIT ?[0m  [["key", "environment"], ["LIMIT", 1]]
  [1m[35m (0.0ms)[0m  [1m[36mbegin transaction[0m
  [1m[35m (0.0ms)[0m  [1m[36mcommit transaction[0m
  [1m[35m (0.1ms)[0m  [1m[34mSELECT "schema_migrations"."version" FROM "schema_migrations" ORDER BY "schema_migrations"."version" ASC[0m
Started GET "/" for 127.0.0.1 at 2018-03-08 10:38:29 -0600
  [1m[35m (0.1ms)[0m  [1m[34mSELECT "schema_migrations"."version" FROM "schema_migrations" ORDER BY "schema_migrations"."version" ASC[0m
Processing by PagesController#home as HTML
  Rendering pages/home.html.erb within layouts/application
  Rendered pages/home.html.erb within layouts/application (1.0ms)
Completed 200 OK in 192ms (Views: 183.8ms | ActiveRecord: 0.0ms)


Started GET "/projects" for 127.0.0.1 at 2018-03-08 10:38:31 -0600
Processing by ProjectsController#index as HTML
  Rendering projects/index.html.erb within layouts/application
  Rendered projects/index.html.erb within layouts/application (0.2ms)
Completed 200 OK in 21ms (Views: 16.2ms | ActiveRecord: 0.0ms)


